<?xml version="1.0" encoding="UTF-8"?>
<!-- Generated by org.testng.reporters.JUnitXMLReporter -->
<testsuite ignored="0" hostname="DESKTOP-HI41LU5" failures="1" tests="1" name="Test1" time="0.084" errors="0" timestamp="2021-12-02T21:53:01 GMT">
  <testcase classname="com.hybridproject.testCases.TC_LoginTest_001" name="login_Test" time="0.012">
    <failure type="java.lang.NullPointerException" message="Cannot invoke &amp;quot;org.openqa.selenium.WebDriver.get(String)&amp;quot; because &amp;quot;this.driver&amp;quot; is null">
      <![CDATA[java.lang.NullPointerException: Cannot invoke "org.openqa.selenium.WebDriver.get(String)" because "this.driver" is null
at com.hybridproject.testCases.TC_LoginTest_001.login_Test(TC_LoginTest_001.java:22)
at java.base/java.util.ArrayList.forEach(ArrayList.java:1511)
... Removed 27 stack frames]]>
    </failure>
  </testcase> <!-- login_Test -->
</testsuite> <!-- Test1 -->
